
[INFO ] 2020-07-18 11:09:23.239 [main] Steps - Launching browser
[INFO ] 2020-07-18 11:09:23.305 [main] Steps - Opening URL: http://admin-demo.nopcommerce.com/login
[INFO ] 2020-07-18 11:09:29.325 [main] Steps - Proving user info
[INFO ] 2020-07-18 11:09:42.165 [main] Steps - Login successfull
[INFO ] 2020-07-18 11:09:47.166 [main] Steps - Logout from application
[INFO ] 2020-07-18 11:09:53.599 [main] Steps - Login successfull
[INFO ] 2020-07-18 11:09:58.601 [main] Steps - Closing application
[INFO ] 2020-07-18 11:10:03.003 [main] Steps - Launching browser
[INFO ] 2020-07-18 11:10:03.010 [main] Steps - Opening URL: http://admin-demo.nopcommerce.com/login
[INFO ] 2020-07-18 11:10:07.329 [main] Steps - Proving user info
[INFO ] 2020-07-18 11:10:27.102 [main] Steps - Login successfull
[INFO ] 2020-07-18 11:10:32.104 [main] Steps - Logout from application
[INFO ] 2020-07-18 11:10:40.627 [main] Steps - Login successfull
[INFO ] 2020-07-18 11:10:45.629 [main] Steps - Closing application
[INFO ] 2020-07-18 11:16:39.013 [main] Steps - Launching browser
[INFO ] 2020-07-18 11:16:39.104 [main] Steps - Opening URL: http://admin-demo.nopcommerce.com/login
[INFO ] 2020-07-18 11:16:45.742 [main] Steps - Proving user info
[INFO ] 2020-07-18 11:16:56.312 [main] Steps - Login successfull
[INFO ] 2020-07-18 11:17:01.335 [main] Steps - Logout from application
[INFO ] 2020-07-18 11:17:14.400 [main] Steps - Login successfull
[INFO ] 2020-07-18 11:17:19.408 [main] Steps - Closing application
[INFO ] 2020-07-18 11:17:24.676 [main] Steps - Launching browser
[INFO ] 2020-07-18 11:17:24.682 [main] Steps - Opening URL: http://admin-demo.nopcommerce.com/login
[INFO ] 2020-07-18 11:17:30.530 [main] Steps - Proving user info
[INFO ] 2020-07-18 11:17:38.717 [main] Steps - Login successfull
[INFO ] 2020-07-18 11:17:43.733 [main] Steps - Logout from application
[INFO ] 2020-07-18 11:17:50.178 [main] Steps - Login successfull
[INFO ] 2020-07-18 11:17:55.186 [main] Steps - Closing application
[INFO ] 2020-07-18 11:19:04.863 [main] Steps - Launching browser
[INFO ] 2020-07-18 11:19:04.927 [main] Steps - Opening URL: http://admin-demo.nopcommerce.com/login
[INFO ] 2020-07-18 11:19:10.002 [main] Steps - Proving user info
[INFO ] 2020-07-18 11:19:17.480 [main] Steps - Login successfull
[INFO ] 2020-07-18 11:19:22.524 [main] Steps - Logout from application
[INFO ] 2020-07-18 11:19:28.201 [main] Steps - Login successfull
[INFO ] 2020-07-18 11:19:33.211 [main] Steps - Closing application
[INFO ] 2020-07-18 11:19:38.338 [main] Steps - Launching browser
[INFO ] 2020-07-18 11:19:38.343 [main] Steps - Opening URL: http://admin-demo.nopcommerce.com/login
[INFO ] 2020-07-18 11:19:43.415 [main] Steps - Proving user info
[INFO ] 2020-07-18 11:19:44.769 [main] Steps - Login Failed
[INFO ] 2020-07-18 11:22:16.670 [main] Steps - Launching browser
[INFO ] 2020-07-18 11:22:16.761 [main] Steps - Opening URL: http://admin-demo.nopcommerce.com/login
[INFO ] 2020-07-18 11:22:27.497 [main] Steps - Proving user info
[INFO ] 2020-07-18 11:22:37.593 [main] Steps - Login successfull
[INFO ] 2020-07-18 11:22:42.657 [main] Steps - Logout from application
[INFO ] 2020-07-18 11:22:47.941 [main] Steps - Login successfull
[INFO ] 2020-07-18 11:22:52.953 [main] Steps - Closing application
[INFO ] 2020-07-18 11:22:58.001 [main] Steps - Launching browser
[INFO ] 2020-07-18 11:22:58.008 [main] Steps - Opening URL: http://admin-demo.nopcommerce.com/login
[INFO ] 2020-07-18 11:23:02.565 [main] Steps - Proving user info
[INFO ] 2020-07-18 11:23:03.900 [main] Steps - Login Failed
[INFO ] 2020-07-18 11:31:33.382 [main] Steps - Launching browser
[INFO ] 2020-07-18 11:31:33.484 [main] Steps - Opening URL: http://admin-demo.nopcommerce.com/login
[INFO ] 2020-07-18 11:31:37.957 [main] Steps - Proving user info
[INFO ] 2020-07-18 11:31:44.325 [main] Steps - Login successfull
[INFO ] 2020-07-18 11:31:49.373 [main] Steps - Logout from application
[INFO ] 2020-07-18 11:31:54.447 [main] Steps - Login successfull
[INFO ] 2020-07-18 11:31:59.459 [main] Steps - Closing application
[INFO ] 2020-07-18 11:32:05.102 [main] Steps - Launching browser
[INFO ] 2020-07-18 11:32:05.109 [main] Steps - Opening URL: http://admin-demo.nopcommerce.com/login
[INFO ] 2020-07-18 11:32:23.725 [main] Steps - Proving user info
[INFO ] 2020-07-18 11:53:33.199 [main] Steps - Launching browser
[INFO ] 2020-07-18 11:53:33.260 [main] Steps - Opening URL: http://admin-demo.nopcommerce.com/login
[INFO ] 2020-07-18 11:53:42.375 [main] Steps - Proving user info
[INFO ] 2020-07-18 11:53:49.696 [main] Steps - Login successfull
[INFO ] 2020-07-18 11:53:54.745 [main] Steps - Logout from application
[INFO ] 2020-07-18 11:54:00.926 [main] Steps - Login successfull
[INFO ] 2020-07-18 11:54:05.932 [main] Steps - Closing application
[INFO ] 2020-07-18 11:54:11.236 [main] Steps - Launching browser
[INFO ] 2020-07-18 11:54:11.242 [main] Steps - Opening URL: http://admin-demo.nopcommerce.com/login
[INFO ] 2020-07-18 11:54:16.780 [main] Steps - Proving user info
[INFO ] 2020-07-18 11:54:18.120 [main] Steps - Login Failed
[INFO ] 2020-07-18 11:55:40.860 [main] Steps - Launching browser
[INFO ] 2020-07-18 11:55:40.919 [main] Steps - Opening URL: http://admin-demo.nopcommerce.com/login
[INFO ] 2020-07-18 11:55:46.418 [main] Steps - Proving user info
[INFO ] 2020-07-18 11:55:54.450 [main] Steps - Login successfull
[INFO ] 2020-07-18 11:55:59.535 [main] Steps - Logout from application
[INFO ] 2020-07-18 11:56:05.630 [main] Steps - Login successfull
[INFO ] 2020-07-18 11:56:10.637 [main] Steps - Closing application
[INFO ] 2020-07-18 11:56:15.813 [main] Steps - Launching browser
[INFO ] 2020-07-18 11:56:15.820 [main] Steps - Opening URL: http://admin-demo.nopcommerce.com/login
[INFO ] 2020-07-18 11:56:21.630 [main] Steps - Proving user info
[INFO ] 2020-07-18 11:56:23.296 [main] Steps - Login Failed
[INFO ] 2020-07-18 12:03:25.208 [main] Steps - Launching browser
[INFO ] 2020-07-18 12:03:25.266 [main] Steps - Opening URL: http://admin-demo.nopcommerce.com/login
[INFO ] 2020-07-18 12:03:31.614 [main] Steps - Proving user info
[INFO ] 2020-07-18 12:03:41.364 [main] Steps - Login successfull
[INFO ] 2020-07-18 12:03:46.421 [main] Steps - Logout from application
[INFO ] 2020-07-18 12:03:51.346 [main] Steps - Login successfull
[INFO ] 2020-07-18 12:03:56.355 [main] Steps - Closing application
[INFO ] 2020-07-18 12:04:01.569 [main] Steps - Launching browser
[INFO ] 2020-07-18 12:04:01.574 [main] Steps - Opening URL: http://admin-demo.nopcommerce.com/login
[INFO ] 2020-07-18 12:04:10.799 [main] Steps - Proving user info
[INFO ] 2020-07-18 12:04:13.168 [main] Steps - Login Failed
[INFO ] 2020-07-18 12:54:29.084 [main] Steps - Launching browser
[INFO ] 2020-07-18 12:54:29.351 [main] Steps - Opening URL: http://admin-demo.nopcommerce.com/login
[INFO ] 2020-07-18 12:54:36.604 [main] Steps - Proving user info
[INFO ] 2020-07-18 12:54:48.045 [main] Steps - Login successfull
[INFO ] 2020-07-18 12:54:53.102 [main] Steps - Logout from application
[INFO ] 2020-07-18 12:54:58.213 [main] Steps - Login successfull
[INFO ] 2020-07-18 12:55:03.222 [main] Steps - Closing application
[INFO ] 2020-07-18 12:55:08.360 [main] Steps - Launching browser
[INFO ] 2020-07-18 12:55:08.366 [main] Steps - Opening URL: http://admin-demo.nopcommerce.com/login
[INFO ] 2020-07-18 12:55:15.331 [main] Steps - Proving user info
[INFO ] 2020-07-18 12:55:17.663 [main] Steps - Login Failed
[INFO ] 2020-07-18 13:01:20.997 [main] Steps - Launching browser
[INFO ] 2020-07-18 13:01:21.046 [main] Steps - Opening URL: http://admin-demo.nopcommerce.com/login
[INFO ] 2020-07-18 13:01:27.765 [main] Steps - Proving user info
[INFO ] 2020-07-18 13:01:35.871 [main] Steps - Login successfull
[INFO ] 2020-07-18 13:01:40.888 [main] Steps - Logout from application
[INFO ] 2020-07-18 13:01:46.515 [main] Steps - Login successfull
[INFO ] 2020-07-18 13:01:51.525 [main] Steps - Closing application
[INFO ] 2020-07-18 13:01:56.938 [main] Steps - Launching browser
[INFO ] 2020-07-18 13:01:56.946 [main] Steps - Opening URL: http://admin-demo.nopcommerce.com/login
[INFO ] 2020-07-18 13:02:06.283 [main] Steps - Proving user info
[INFO ] 2020-07-18 13:02:08.739 [main] Steps - Login Failed
[INFO ] 2020-07-18 16:40:18.392 [main] Steps - Launching browser
[INFO ] 2020-07-18 16:40:18.550 [main] Steps - Opening URL: http://admin-demo.nopcommerce.com/login
[INFO ] 2020-07-18 16:40:23.918 [main] Steps - Proving user info
[INFO ] 2020-07-18 16:40:31.568 [main] Steps - Login successfull
[INFO ] 2020-07-18 16:40:36.640 [main] Steps - Logout from application
[INFO ] 2020-07-18 16:40:41.871 [main] Steps - Login successfull
[INFO ] 2020-07-18 16:40:46.883 [main] Steps - Closing application
[INFO ] 2020-07-18 16:40:52.013 [main] Steps - Launching browser
[INFO ] 2020-07-18 16:40:52.019 [main] Steps - Opening URL: http://admin-demo.nopcommerce.com/login
[INFO ] 2020-07-18 16:40:57.009 [main] Steps - Proving user info
[INFO ] 2020-07-18 16:40:59.058 [main] Steps - Login Failed
[INFO ] 2020-07-18 16:46:48.202 [main] Steps - Launching browser
[INFO ] 2020-07-18 16:46:52.415 [main] Steps - Launching browser
[INFO ] 2020-07-18 16:48:09.673 [main] Steps - Launching browser
[INFO ] 2020-07-18 16:48:14.066 [main] Steps - Launching browser
[INFO ] 2020-07-18 16:55:15.846 [main] Steps - Launching browser
[INFO ] 2020-07-18 16:55:20.031 [main] Steps - Launching browser
[INFO ] 2020-07-18 16:56:32.094 [main] Steps - Launching browser
[INFO ] 2020-07-18 16:56:36.223 [main] Steps - Launching browser
[INFO ] 2020-07-18 17:01:57.971 [main] Steps - Launching browser
[INFO ] 2020-07-18 17:02:02.399 [main] Steps - Launching browser
[INFO ] 2020-07-18 17:06:13.571 [main] Steps - Launching browser
[INFO ] 2020-07-18 17:06:17.957 [main] Steps - Launching browser
[INFO ] 2020-07-18 17:50:55.131 [main] Steps - Launching browser
[INFO ] 2020-07-18 17:50:55.186 [main] Steps - Opening URL: http://admin-demo.nopcommerce.com/login
[INFO ] 2020-07-18 17:51:02.323 [main] Steps - Proving user info
[INFO ] 2020-07-18 17:51:12.241 [main] Steps - Login successfull
[INFO ] 2020-07-18 17:51:17.298 [main] Steps - Logout from application
[INFO ] 2020-07-18 17:51:24.812 [main] Steps - Login successfull
[INFO ] 2020-07-18 17:51:29.821 [main] Steps - Closing application
[INFO ] 2020-07-18 17:51:35.022 [main] Steps - Launching browser
[INFO ] 2020-07-18 17:51:35.031 [main] Steps - Opening URL: http://admin-demo.nopcommerce.com/login
[INFO ] 2020-07-18 17:51:41.631 [main] Steps - Proving user info
[INFO ] 2020-07-18 17:51:44.144 [main] Steps - Login Failed
[INFO ] 2020-07-18 17:58:27.241 [main] Steps - Launching browser
[INFO ] 2020-07-18 17:58:27.296 [main] Steps - Opening URL: http://admin-demo.nopcommerce.com/login
[INFO ] 2020-07-18 17:58:34.873 [main] Steps - Proving user info
[INFO ] 2020-07-18 17:58:45.164 [main] Steps - Login successfull
[INFO ] 2020-07-18 17:58:50.205 [main] Steps - Logout from application
[INFO ] 2020-07-18 17:58:55.883 [main] Steps - Login successfull
[INFO ] 2020-07-18 17:59:00.891 [main] Steps - Closing application
[INFO ] 2020-07-18 17:59:06.350 [main] Steps - Launching browser
[INFO ] 2020-07-18 17:59:06.355 [main] Steps - Opening URL: http://admin-demo.nopcommerce.com/login
[INFO ] 2020-07-18 17:59:11.658 [main] Steps - Proving user info
[INFO ] 2020-07-18 17:59:13.142 [main] Steps - Login Failed
[INFO ] 2020-07-18 18:00:46.197 [main] Steps - Launching browser
[INFO ] 2020-07-18 18:00:46.251 [main] Steps - Opening URL: http://admin-demo.nopcommerce.com/login
[INFO ] 2020-07-18 18:00:52.495 [main] Steps - Proving user info
[INFO ] 2020-07-18 18:01:03.672 [main] Steps - Login successfull
[INFO ] 2020-07-18 18:01:08.694 [main] Steps - Logout from application
[INFO ] 2020-07-18 18:01:14.322 [main] Steps - Login successfull
[INFO ] 2020-07-18 18:01:19.332 [main] Steps - Closing application
[INFO ] 2020-07-18 18:01:24.727 [main] Steps - Launching browser
[INFO ] 2020-07-18 18:01:24.736 [main] Steps - Opening URL: http://admin-demo.nopcommerce.com/login
[INFO ] 2020-07-18 18:01:34.560 [main] Steps - Proving user info
[INFO ] 2020-07-18 18:01:37.181 [main] Steps - Login Failed
[INFO ] 2020-07-18 18:05:18.007 [main] Steps - Launching browser
[INFO ] 2020-07-18 18:05:18.097 [main] Steps - Opening URL: http://admin-demo.nopcommerce.com/login
[INFO ] 2020-07-18 18:05:25.337 [main] Steps - Proving user info
[INFO ] 2020-07-18 18:05:38.520 [main] Steps - Login successfull
[INFO ] 2020-07-18 18:05:43.575 [main] Steps - Logout from application
[INFO ] 2020-07-18 18:05:49.605 [main] Steps - Login successfull
[INFO ] 2020-07-18 18:05:54.614 [main] Steps - Closing application
[INFO ] 2020-07-18 18:06:00.241 [main] Steps - Launching browser
[INFO ] 2020-07-18 18:06:00.250 [main] Steps - Opening URL: http://admin-demo.nopcommerce.com/login
[INFO ] 2020-07-18 18:06:06.496 [main] Steps - Proving user info
[INFO ] 2020-07-18 18:06:09.232 [main] Steps - Login Failed
[INFO ] 2020-07-18 18:21:41.659 [main] Steps - Launching browser
[INFO ] 2020-07-18 18:21:41.707 [main] Steps - Opening URL: http://admin-demo.nopcommerce.com/login
[INFO ] 2020-07-18 18:21:47.698 [main] Steps - Proving user info
[INFO ] 2020-07-18 18:21:56.515 [main] Steps - Login successfull
[INFO ] 2020-07-18 18:22:01.556 [main] Steps - Logout from application
[INFO ] 2020-07-18 18:22:06.891 [main] Steps - Login successfull
[INFO ] 2020-07-18 18:22:11.898 [main] Steps - Closing application
[INFO ] 2020-07-18 18:22:17.037 [main] Steps - Launching browser
[INFO ] 2020-07-18 18:22:17.043 [main] Steps - Opening URL: http://admin-demo.nopcommerce.com/login
[INFO ] 2020-07-18 18:22:23.027 [main] Steps - Proving user info
[INFO ] 2020-07-18 18:22:25.154 [main] Steps - Login Failed
[INFO ] 2020-07-18 18:24:33.105 [main] Steps - Launching browser
[INFO ] 2020-07-18 18:24:33.156 [main] Steps - Opening URL: http://admin-demo.nopcommerce.com/login
[INFO ] 2020-07-18 18:24:39.142 [main] Steps - Proving user info
[INFO ] 2020-07-18 18:24:48.394 [main] Steps - Login successfull
[INFO ] 2020-07-18 18:24:53.428 [main] Steps - Logout from application
[INFO ] 2020-07-18 18:24:58.797 [main] Steps - Login successfull
[INFO ] 2020-07-18 18:25:03.805 [main] Steps - Closing application
[INFO ] 2020-07-18 18:25:07.909 [main] Steps - Launching browser
[INFO ] 2020-07-18 18:25:07.916 [main] Steps - Opening URL: http://admin-demo.nopcommerce.com/login
[INFO ] 2020-07-18 18:25:14.171 [main] Steps - Proving user info
[INFO ] 2020-07-18 18:25:15.648 [main] Steps - Login Failed
[INFO ] 2020-07-18 18:28:48.471 [main] Steps - Launching browser
[INFO ] 2020-07-18 18:28:48.520 [main] Steps - Opening URL: http://admin-demo.nopcommerce.com/login
[INFO ] 2020-07-18 18:28:55.811 [main] Steps - Proving user info
[INFO ] 2020-07-18 18:29:06.170 [main] Steps - Login successfull
[INFO ] 2020-07-18 18:29:11.199 [main] Steps - Logout from application
[INFO ] 2020-07-18 18:29:17.743 [main] Steps - Login successfull
[INFO ] 2020-07-18 18:29:22.751 [main] Steps - Closing application
[INFO ] 2020-07-18 18:29:27.870 [main] Steps - Launching browser
[INFO ] 2020-07-18 18:29:27.875 [main] Steps - Opening URL: http://admin-demo.nopcommerce.com/login
[INFO ] 2020-07-18 18:29:34.255 [main] Steps - Proving user info
[INFO ] 2020-07-18 18:29:36.739 [main] Steps - Login Failed
[INFO ] 2020-07-18 18:47:05.828 [main] Steps - Launching browser
[INFO ] 2020-07-18 18:47:05.906 [main] Steps - Opening URL: http://admin-demo.nopcommerce.com/login
[INFO ] 2020-07-18 18:47:18.103 [main] Steps - Proving user info
[INFO ] 2020-07-18 18:55:37.153 [main] Steps - Launching browser
[INFO ] 2020-07-18 18:55:37.208 [main] Steps - Opening URL: http://admin-demo.nopcommerce.com/login
[INFO ] 2020-07-18 18:55:43.498 [main] Steps - Proving user info
[INFO ] 2020-07-18 18:55:54.249 [main] Steps - Login successfull
[INFO ] 2020-07-18 18:55:59.277 [main] Steps - Logout from application
[INFO ] 2020-07-18 18:56:04.951 [main] Steps - Login successfull
[INFO ] 2020-07-18 18:56:09.960 [main] Steps - Closing application
[INFO ] 2020-07-18 18:56:15.166 [main] Steps - Launching browser
[INFO ] 2020-07-18 18:56:15.176 [main] Steps - Opening URL: http://admin-demo.nopcommerce.com/login
[INFO ] 2020-07-18 18:56:21.318 [main] Steps - Proving user info
[INFO ] 2020-07-18 18:56:23.926 [main] Steps - Login Failed
[INFO ] 2020-07-18 19:04:55.247 [main] Steps - Launching browser
[INFO ] 2020-07-18 19:04:55.296 [main] Steps - Opening URL: http://admin-demo.nopcommerce.com/login
[INFO ] 2020-07-18 19:05:01.808 [main] Steps - Proving user info
[INFO ] 2020-07-18 19:05:14.115 [main] Steps - Login successfull
[INFO ] 2020-07-18 19:05:19.146 [main] Steps - Logout from application
[INFO ] 2020-07-18 19:05:25.842 [main] Steps - Login successfull
[INFO ] 2020-07-18 19:05:30.853 [main] Steps - Closing application
[INFO ] 2020-07-18 19:05:38.988 [main] Steps - Launching browser
[INFO ] 2020-07-18 19:05:38.994 [main] Steps - Opening URL: http://admin-demo.nopcommerce.com/login
[INFO ] 2020-07-18 19:05:45.791 [main] Steps - Proving user info
[INFO ] 2020-07-18 19:05:48.302 [main] Steps - Login Failed
[INFO ] 2020-07-18 19:23:58.616 [main] Steps - Launching browser
[INFO ] 2020-07-18 19:23:58.665 [main] Steps - Opening URL: http://admin-demo.nopcommerce.com/login
[INFO ] 2020-07-18 19:24:05.181 [main] Steps - Proving user info
[INFO ] 2020-07-18 19:24:16.571 [main] Steps - Login successfull
[INFO ] 2020-07-18 19:24:21.626 [main] Steps - Logout from application
[INFO ] 2020-07-18 19:24:27.311 [main] Steps - Login successfull
[INFO ] 2020-07-18 19:24:32.321 [main] Steps - Closing application
[INFO ] 2020-07-18 19:24:40.702 [main] Steps - Launching browser
[INFO ] 2020-07-18 19:24:40.708 [main] Steps - Opening URL: http://admin-demo.nopcommerce.com/login
[INFO ] 2020-07-18 19:24:46.589 [main] Steps - Proving user info
[INFO ] 2020-07-18 19:24:48.029 [main] Steps - Login Failed
[INFO ] 2020-07-18 19:26:59.266 [main] Steps - Launching browser
[INFO ] 2020-07-18 19:26:59.314 [main] Steps - Opening URL: http://admin-demo.nopcommerce.com/login
[INFO ] 2020-07-18 19:27:05.775 [main] Steps - Proving user info
[INFO ] 2020-07-18 19:27:18.311 [main] Steps - Login successfull
[INFO ] 2020-07-18 19:27:23.345 [main] Steps - Logout from application
[INFO ] 2020-07-18 19:27:29.065 [main] Steps - Login successfull
[INFO ] 2020-07-18 19:27:34.073 [main] Steps - Closing application
[INFO ] 2020-07-18 19:27:42.470 [main] Steps - Launching browser
[INFO ] 2020-07-18 19:27:42.477 [main] Steps - Opening URL: http://admin-demo.nopcommerce.com/login
[INFO ] 2020-07-18 19:27:50.184 [main] Steps - Proving user info
[INFO ] 2020-07-18 19:27:52.722 [main] Steps - Login Failed
[INFO ] 2020-07-18 19:31:15.968 [main] Steps - Launching browser
[INFO ] 2020-07-18 19:31:16.034 [main] Steps - Opening URL: http://admin-demo.nopcommerce.com/login
[INFO ] 2020-07-18 19:31:39.284 [main] Steps - Proving user info
[INFO ] 2020-07-18 19:32:00.898 [main] Steps - Login successfull
[INFO ] 2020-07-18 19:32:05.938 [main] Steps - Logout from application
[INFO ] 2020-07-18 19:32:12.593 [main] Steps - Login successfull
[INFO ] 2020-07-18 19:32:17.604 [main] Steps - Closing application
[INFO ] 2020-07-18 19:32:25.808 [main] Steps - Launching browser
[INFO ] 2020-07-18 19:32:25.815 [main] Steps - Opening URL: http://admin-demo.nopcommerce.com/login
[INFO ] 2020-07-18 19:32:32.035 [main] Steps - Proving user info
[INFO ] 2020-07-18 19:32:34.555 [main] Steps - Login Failed
[INFO ] 2020-07-18 19:57:03.076 [main] Steps - Launching browser
[INFO ] 2020-07-18 19:57:03.127 [main] Steps - Opening URL: http://admin-demo.nopcommerce.com/login
[INFO ] 2020-07-18 19:57:08.930 [main] Steps - Proving user info
[INFO ] 2020-07-18 19:57:16.944 [main] Steps - Login successfull
[INFO ] 2020-07-18 19:57:21.976 [main] Steps - Logout from application
[INFO ] 2020-07-18 19:57:27.359 [main] Steps - Login successfull
[INFO ] 2020-07-18 19:57:32.368 [main] Steps - Closing application
[INFO ] 2020-07-18 19:57:40.585 [main] Steps - Launching browser
[INFO ] 2020-07-18 19:57:40.591 [main] Steps - Opening URL: http://admin-demo.nopcommerce.com/login
[INFO ] 2020-07-18 19:57:45.690 [main] Steps - Proving user info
[INFO ] 2020-07-18 19:57:47.164 [main] Steps - Login Failed
[INFO ] 2020-07-18 19:58:50.951 [main] Steps - Launching browser
[INFO ] 2020-07-18 19:58:51.016 [main] Steps - Opening URL: http://admin-demo.nopcommerce.com/login
[INFO ] 2020-07-18 19:58:56.666 [main] Steps - Proving user info
[INFO ] 2020-07-18 19:59:04.961 [main] Steps - Login successfull
[INFO ] 2020-07-18 19:59:09.984 [main] Steps - Logout from application
[INFO ] 2020-07-18 19:59:15.390 [main] Steps - Login successfull
[INFO ] 2020-07-18 19:59:20.399 [main] Steps - Closing application
[INFO ] 2020-07-18 19:59:28.581 [main] Steps - Launching browser
[INFO ] 2020-07-18 19:59:28.587 [main] Steps - Opening URL: http://admin-demo.nopcommerce.com/login
[INFO ] 2020-07-18 19:59:34.521 [main] Steps - Proving user info
[INFO ] 2020-07-18 19:59:35.922 [main] Steps - Login Failed
[INFO ] 2020-07-18 20:02:27.634 [main] Steps - Launching browser
[INFO ] 2020-07-18 20:02:27.691 [main] Steps - Opening URL: http://admin-demo.nopcommerce.com/login
[INFO ] 2020-07-18 20:02:34.048 [main] Steps - Proving user info
[INFO ] 2020-07-18 20:02:44.866 [main] Steps - Login successfull
[INFO ] 2020-07-18 20:02:49.890 [main] Steps - Logout from application
[INFO ] 2020-07-18 20:02:56.358 [main] Steps - Login successfull
[INFO ] 2020-07-18 20:03:01.368 [main] Steps - Closing application
[INFO ] 2020-07-18 20:03:09.558 [main] Steps - Launching browser
[INFO ] 2020-07-18 20:03:09.565 [main] Steps - Opening URL: http://admin-demo.nopcommerce.com/login
[INFO ] 2020-07-18 20:03:14.823 [main] Steps - Proving user info
[INFO ] 2020-07-18 20:03:16.312 [main] Steps - Login Failed
[INFO ] 2020-07-18 20:07:05.373 [main] Steps - Launching browser
[INFO ] 2020-07-18 20:07:05.441 [main] Steps - Opening URL: http://admin-demo.nopcommerce.com/login
[INFO ] 2020-07-18 20:07:12.098 [main] Steps - Proving user info
[INFO ] 2020-07-18 20:07:24.388 [main] Steps - Login successfull
[INFO ] 2020-07-18 20:07:29.406 [main] Steps - Logout from application
[INFO ] 2020-07-18 20:07:35.138 [main] Steps - Login successfull
[INFO ] 2020-07-18 20:07:40.147 [main] Steps - Closing application
[INFO ] 2020-07-18 20:07:48.286 [main] Steps - Launching browser
[INFO ] 2020-07-18 20:07:48.291 [main] Steps - Opening URL: http://admin-demo.nopcommerce.com/login
[INFO ] 2020-07-18 20:08:02.070 [main] Steps - Proving user info
[INFO ] 2020-07-18 20:13:59.301 [main] Steps - Launching browser
[INFO ] 2020-07-18 20:13:59.354 [main] Steps - Opening URL: http://admin-demo.nopcommerce.com/login
[INFO ] 2020-07-18 20:14:07.422 [main] Steps - Proving user info
[INFO ] 2020-07-18 20:14:20.712 [main] Steps - Login successfull
[INFO ] 2020-07-18 20:14:25.730 [main] Steps - Logout from application
[INFO ] 2020-07-18 20:14:31.517 [main] Steps - Login successfull
[INFO ] 2020-07-18 20:14:36.525 [main] Steps - Closing application
[INFO ] 2020-07-18 20:14:44.784 [main] Steps - Launching browser
[INFO ] 2020-07-18 20:14:44.790 [main] Steps - Opening URL: http://admin-demo.nopcommerce.com/login
[INFO ] 2020-07-18 20:14:51.581 [main] Steps - Proving user info
[INFO ] 2020-07-18 20:14:54.192 [main] Steps - Login Failed
[INFO ] 2020-07-18 20:16:12.645 [main] Steps - Launching browser
[INFO ] 2020-07-18 20:16:12.747 [main] Steps - Opening URL: http://admin-demo.nopcommerce.com/login
[INFO ] 2020-07-18 20:16:18.566 [main] Steps - Proving user info
[INFO ] 2020-07-18 20:16:29.485 [main] Steps - Login successfull
[INFO ] 2020-07-18 20:16:34.516 [main] Steps - Logout from application
[INFO ] 2020-07-18 20:16:42.510 [main] Steps - Login successfull
[INFO ] 2020-07-18 20:16:47.703 [main] Steps - Closing application
[INFO ] 2020-07-18 20:17:04.685 [main] Steps - Launching browser
[INFO ] 2020-07-18 20:17:04.713 [main] Steps - Opening URL: http://admin-demo.nopcommerce.com/login
[INFO ] 2020-07-18 20:17:23.811 [main] Steps - Proving user info
[INFO ] 2020-07-18 20:17:25.324 [main] Steps - Login Failed
[INFO ] 2020-07-18 20:37:15.769 [main] Steps - Launching browser
[INFO ] 2020-07-18 20:37:15.859 [main] Steps - Opening URL: http://admin-demo.nopcommerce.com/login
[INFO ] 2020-07-18 20:37:22.526 [main] Steps - Proving user info
[INFO ] 2020-07-18 20:37:36.384 [main] Steps - Login successfull
[INFO ] 2020-07-18 20:37:41.421 [main] Steps - Logout from application
[INFO ] 2020-07-18 20:37:48.672 [main] Steps - Login successfull
[INFO ] 2020-07-18 20:37:53.684 [main] Steps - Closing application
[INFO ] 2020-07-18 20:37:58.655 [main] Steps - Launching browser
[INFO ] 2020-07-18 20:37:58.661 [main] Steps - Opening URL: http://admin-demo.nopcommerce.com/login
[INFO ] 2020-07-18 20:38:06.396 [main] Steps - Proving user info
[INFO ] 2020-07-18 20:38:08.897 [main] Steps - Login Failed
[INFO ] 2020-07-18 20:41:56.107 [main] Steps - Launching browser
[INFO ] 2020-07-18 20:41:56.159 [main] Steps - Opening URL: http://admin-demo.nopcommerce.com/login
[INFO ] 2020-07-18 20:42:02.994 [main] Steps - Proving user info
[INFO ] 2020-07-18 20:42:15.104 [main] Steps - Login successfull
[INFO ] 2020-07-18 20:42:20.137 [main] Steps - Logout from application
[INFO ] 2020-07-18 20:42:25.782 [main] Steps - Login successfull
[INFO ] 2020-07-18 20:42:30.791 [main] Steps - Closing application
[INFO ] 2020-07-18 20:42:36.745 [main] Steps - Launching browser
[INFO ] 2020-07-18 20:42:36.752 [main] Steps - Opening URL: http://admin-demo.nopcommerce.com/login
[INFO ] 2020-07-18 20:42:44.500 [main] Steps - Proving user info
[INFO ] 2020-07-18 20:42:46.202 [main] Steps - Login Failed
[INFO ] 2020-07-18 20:49:42.460 [main] Steps - Launching browser
[INFO ] 2020-07-18 20:49:42.519 [main] Steps - Opening URL: http://admin-demo.nopcommerce.com/login
[INFO ] 2020-07-18 20:49:51.085 [main] Steps - Proving user info
[INFO ] 2020-07-18 20:50:04.100 [main] Steps - Login successfull
[INFO ] 2020-07-18 20:50:09.115 [main] Steps - Logout from application
[INFO ] 2020-07-18 20:50:14.784 [main] Steps - Login successfull
[INFO ] 2020-07-18 20:50:19.794 [main] Steps - Closing application
[INFO ] 2020-07-18 20:50:25.511 [main] Steps - Launching browser
[INFO ] 2020-07-18 20:50:25.519 [main] Steps - Opening URL: http://admin-demo.nopcommerce.com/login
[INFO ] 2020-07-18 20:50:33.556 [main] Steps - Proving user info
[INFO ] 2020-07-18 20:50:35.557 [main] Steps - Login Failed
[INFO ] 2020-07-18 20:58:41.251 [main] Steps - Launching browser
[INFO ] 2020-07-18 20:58:41.314 [main] Steps - Opening URL: http://admin-demo.nopcommerce.com/login
[INFO ] 2020-07-18 20:58:47.717 [main] Steps - Proving user info
[INFO ] 2020-07-18 20:58:58.086 [main] Steps - Login successfull
[INFO ] 2020-07-18 20:59:03.103 [main] Steps - Logout from application
[INFO ] 2020-07-18 20:59:08.442 [main] Steps - Login successfull
[INFO ] 2020-07-18 20:59:13.453 [main] Steps - Closing application
[INFO ] 2020-07-18 20:59:17.648 [main] Steps - Launching browser
[INFO ] 2020-07-18 20:59:17.655 [main] Steps - Opening URL: http://admin-demo.nopcommerce.com/login
[INFO ] 2020-07-18 20:59:24.488 [main] Steps - Proving user info
[INFO ] 2020-07-18 20:59:26.721 [main] Steps - Login Failed
[INFO ] 2020-07-18 21:02:01.328 [main] Steps - Launching browser
[INFO ] 2020-07-18 21:02:01.389 [main] Steps - Opening URL: http://admin-demo.nopcommerce.com/login
[INFO ] 2020-07-18 21:02:08.118 [main] Steps - Proving user info
[INFO ] 2020-07-18 21:02:19.861 [main] Steps - Login successfull
[INFO ] 2020-07-18 21:02:24.884 [main] Steps - Logout from application
[INFO ] 2020-07-18 21:02:30.930 [main] Steps - Login successfull
[INFO ] 2020-07-18 21:02:35.939 [main] Steps - Closing application
[INFO ] 2020-07-18 21:02:40.400 [main] Steps - Launching browser
[INFO ] 2020-07-18 21:02:40.408 [main] Steps - Opening URL: http://admin-demo.nopcommerce.com/login
[INFO ] 2020-07-18 21:02:47.180 [main] Steps - Proving user info
[INFO ] 2020-07-18 21:02:49.450 [main] Steps - Login Failed
[INFO ] 2020-07-18 21:06:05.944 [main] Steps - Launching browser
[INFO ] 2020-07-18 21:06:06.017 [main] Steps - Opening URL: http://admin-demo.nopcommerce.com/login
[INFO ] 2020-07-18 21:06:15.310 [main] Steps - Proving user info
[INFO ] 2020-07-18 21:06:36.499 [main] Steps - Login successfull
[INFO ] 2020-07-18 21:06:41.515 [main] Steps - Logout from application
[INFO ] 2020-07-18 21:06:48.119 [main] Steps - Login successfull
[INFO ] 2020-07-18 21:06:53.130 [main] Steps - Closing application
[INFO ] 2020-07-18 21:06:57.467 [main] Steps - Launching browser
[INFO ] 2020-07-18 21:06:57.475 [main] Steps - Opening URL: http://admin-demo.nopcommerce.com/login
[INFO ] 2020-07-18 21:07:06.470 [main] Steps - Proving user info
[INFO ] 2020-07-18 21:07:09.000 [main] Steps - Login Failed
[INFO ] 2020-07-18 21:16:57.390 [main] Steps - Launching browser
[INFO ] 2020-07-18 21:16:57.455 [main] Steps - Opening URL: http://admin-demo.nopcommerce.com/login
[INFO ] 2020-07-18 21:17:16.226 [main] Steps - Proving user info
[INFO ] 2020-07-18 21:17:30.858 [main] Steps - Login successfull
[INFO ] 2020-07-18 21:17:35.875 [main] Steps - Logout from application
[INFO ] 2020-07-18 21:17:42.239 [main] Steps - Login successfull
[INFO ] 2020-07-18 21:17:47.249 [main] Steps - Closing application
[INFO ] 2020-07-18 21:17:51.594 [main] Steps - Launching browser
[INFO ] 2020-07-18 21:17:51.601 [main] Steps - Opening URL: http://admin-demo.nopcommerce.com/login
[INFO ] 2020-07-18 21:18:01.831 [main] Steps - Proving user info
[INFO ] 2020-07-18 21:18:04.356 [main] Steps - Login Failed
[INFO ] 2020-07-18 21:25:41.230 [main] Steps - Launching browser
[INFO ] 2020-07-18 21:25:41.281 [main] Steps - Opening URL: http://admin-demo.nopcommerce.com/login
[INFO ] 2020-07-18 21:25:50.723 [main] Steps - Proving user info
[INFO ] 2020-07-18 21:26:05.624 [main] Steps - Login successfull
[INFO ] 2020-07-18 21:26:10.642 [main] Steps - Logout from application
[INFO ] 2020-07-18 21:26:16.925 [main] Steps - Login successfull
[INFO ] 2020-07-18 21:26:21.935 [main] Steps - Closing application
[INFO ] 2020-07-18 21:26:26.307 [main] Steps - Launching browser
[INFO ] 2020-07-18 21:26:26.317 [main] Steps - Opening URL: http://admin-demo.nopcommerce.com/login
[INFO ] 2020-07-18 21:26:34.664 [main] Steps - Proving user info
[INFO ] 2020-07-18 21:26:36.386 [main] Steps - Login Failed
[INFO ] 2020-07-18 22:05:12.078 [main] Steps - Launching browser
[INFO ] 2020-07-18 22:05:12.243 [main] Steps - Opening URL: http://admin-demo.nopcommerce.com/login
[INFO ] 2020-07-18 22:05:37.319 [main] Steps - Launching browser
[INFO ] 2020-07-18 22:05:37.332 [main] Steps - Opening URL: http://admin-demo.nopcommerce.com/login
[INFO ] 2020-07-18 22:11:31.623 [main] Steps - Launching browser
[INFO ] 2020-07-18 22:11:31.681 [main] Steps - Opening URL: http://admin-demo.nopcommerce.com/login
[INFO ] 2020-07-18 22:11:41.298 [main] Steps - Proving user info
[INFO ] 2020-07-18 22:11:57.841 [main] Steps - Login successfull
[INFO ] 2020-07-18 22:12:02.869 [main] Steps - Logout from application
[INFO ] 2020-07-18 22:12:09.218 [main] Steps - Login successfull
[INFO ] 2020-07-18 22:12:14.229 [main] Steps - Closing application
[INFO ] 2020-07-18 22:12:18.538 [main] Steps - Launching browser
[INFO ] 2020-07-18 22:12:18.549 [main] Steps - Opening URL: http://admin-demo.nopcommerce.com/login
[INFO ] 2020-07-18 22:12:30.857 [main] Steps - Proving user info
[INFO ] 2020-07-18 22:12:33.834 [main] Steps - Login Failed
[INFO ] 2020-07-18 22:16:44.601 [main] Steps - Launching browser
[INFO ] 2020-07-18 22:16:44.676 [main] Steps - Opening URL: http://admin-demo.nopcommerce.com/login
[INFO ] 2020-07-18 22:16:54.218 [main] Steps - Proving user info
[INFO ] 2020-07-18 22:17:23.580 [main] Steps - Login successfull
[INFO ] 2020-07-18 22:17:28.604 [main] Steps - Logout from application
[INFO ] 2020-07-18 22:17:37.036 [main] Steps - Login successfull
[INFO ] 2020-07-18 22:17:42.047 [main] Steps - Closing application
[INFO ] 2020-07-18 22:17:46.366 [main] Steps - Launching browser
[INFO ] 2020-07-18 22:17:46.373 [main] Steps - Opening URL: http://admin-demo.nopcommerce.com/login
[INFO ] 2020-07-18 22:17:53.286 [main] Steps - Proving user info
[INFO ] 2020-07-18 22:17:55.854 [main] Steps - Login Failed
[INFO ] 2020-07-18 22:54:21.057 [main] Steps - Launching browser
[INFO ] 2020-07-18 22:54:21.121 [main] Steps - Opening URL: http://admin-demo.nopcommerce.com/login
[INFO ] 2020-07-18 22:54:27.088 [main] Steps - Proving user info
[INFO ] 2020-07-18 22:54:38.490 [main] Steps - Login successfull
[INFO ] 2020-07-18 22:54:43.506 [main] Steps - Logout from application
[INFO ] 2020-07-18 22:54:50.214 [main] Steps - Login successfull
[INFO ] 2020-07-18 22:54:55.225 [main] Steps - Closing application
[INFO ] 2020-07-18 22:55:01.025 [main] Steps - Launching browser
[INFO ] 2020-07-18 22:55:01.032 [main] Steps - Opening URL: http://admin-demo.nopcommerce.com/login
[INFO ] 2020-07-18 22:55:10.156 [main] Steps - Proving user info
[INFO ] 2020-07-18 22:55:13.045 [main] Steps - Login Failed
[INFO ] 2020-07-18 22:58:42.260 [main] Steps - Launching browser
[INFO ] 2020-07-18 22:58:42.329 [main] Steps - Opening URL: http://admin-demo.nopcommerce.com/login
[INFO ] 2020-07-18 22:58:49.931 [main] Steps - Proving user info
[INFO ] 2020-07-18 22:58:52.696 [main] Steps - Login Failed
[INFO ] 2020-07-18 23:05:55.734 [main] Steps - Launching browser
[INFO ] 2020-07-18 23:05:55.812 [main] Steps - Opening URL: http://admin-demo.nopcommerce.com/login
[INFO ] 2020-07-18 23:06:02.951 [main] Steps - Proving user info
[INFO ] 2020-07-18 23:06:05.318 [main] Steps - Login Failed
[INFO ] 2020-07-18 23:11:06.305 [main] Steps - Launching browser
[INFO ] 2020-07-18 23:11:06.368 [main] Steps - Opening URL: http://admin-demo.nopcommerce.com/login
[INFO ] 2020-07-18 23:11:16.336 [main] Steps - Proving user info
[INFO ] 2020-07-18 23:11:18.765 [main] Steps - Login Failed
[INFO ] 2020-07-18 23:16:49.655 [main] Steps - Launching browser
[INFO ] 2020-07-18 23:16:49.718 [main] Steps - Opening URL: http://admin-demo.nopcommerce.com/login
[INFO ] 2020-07-18 23:16:57.091 [main] Steps - Proving user info
[INFO ] 2020-07-18 23:17:11.330 [main] Steps - Login Failed
[INFO ] 2020-07-18 23:19:47.694 [main] Steps - Launching browser
[INFO ] 2020-07-18 23:19:47.767 [main] Steps - Opening URL: http://admin-demo.nopcommerce.com/login
[INFO ] 2020-07-18 23:19:56.721 [main] Steps - Proving user info
[INFO ] 2020-07-18 23:19:59.263 [main] Steps - Login Failed
[INFO ] 2020-07-18 23:21:40.831 [main] Steps - Launching browser
[INFO ] 2020-07-18 23:21:40.911 [main] Steps - Opening URL: http://admin-demo.nopcommerce.com/login
[INFO ] 2020-07-18 23:21:47.608 [main] Steps - Proving user info
[INFO ] 2020-07-18 23:21:50.538 [main] Steps - Login Failed
[INFO ] 2020-07-18 23:25:04.012 [main] Steps - Launching browser
[INFO ] 2020-07-18 23:25:04.095 [main] Steps - Opening URL: http://admin-demo.nopcommerce.com/login
[INFO ] 2020-07-18 23:25:12.619 [main] Steps - Proving user info
[INFO ] 2020-07-18 23:25:15.151 [main] Steps - Login Failed
[INFO ] 2020-07-18 23:26:35.402 [main] Steps - Launching browser
[INFO ] 2020-07-18 23:26:35.825 [main] Steps - Opening URL: http://admin-demo.nopcommerce.com/login
[INFO ] 2020-07-18 23:26:45.423 [main] Steps - Proving user info
[INFO ] 2020-07-18 23:26:48.979 [main] Steps - Login Failed
[INFO ] 2020-07-18 23:30:23.217 [main] Steps - Launching browser
[INFO ] 2020-07-18 23:30:23.296 [main] Steps - Opening URL: http://admin-demo.nopcommerce.com/login
[INFO ] 2020-07-18 23:30:30.805 [main] Steps - Proving user info
[INFO ] 2020-07-18 23:30:33.321 [main] Steps - Login Failed
[INFO ] 2020-07-18 23:32:37.518 [main] Steps - Launching browser
[INFO ] 2020-07-18 23:32:37.580 [main] Steps - Opening URL: http://admin-demo.nopcommerce.com/login
[INFO ] 2020-07-18 23:32:44.182 [main] Steps - Proving user info
[INFO ] 2020-07-18 23:32:46.744 [main] Steps - Login Failed
[INFO ] 2020-07-18 23:33:59.778 [main] Steps - Launching browser
[INFO ] 2020-07-18 23:33:59.850 [main] Steps - Opening URL: http://admin-demo.nopcommerce.com/login
[INFO ] 2020-07-18 23:34:07.019 [main] Steps - Proving user info
[INFO ] 2020-07-18 23:34:09.513 [main] Steps - Login Failed
[INFO ] 2020-07-18 23:34:14.533 [main] Steps - Login Failed
[INFO ] 2020-07-18 23:34:19.537 [main] Steps - Closing application
[INFO ] 2020-07-18 23:35:54.915 [main] Steps - Launching browser
[INFO ] 2020-07-18 23:35:54.983 [main] Steps - Opening URL: http://admin-demo.nopcommerce.com/login
[INFO ] 2020-07-18 23:36:02.633 [main] Steps - Proving user info
[INFO ] 2020-07-18 23:36:15.192 [main] Steps - Login successfull
[INFO ] 2020-07-18 23:36:20.215 [main] Steps - Logout from application
[INFO ] 2020-07-18 23:36:25.915 [main] Steps - Login successfull
[INFO ] 2020-07-18 23:36:30.928 [main] Steps - Closing application
[INFO ] 2020-07-18 23:36:36.004 [main] Steps - Launching browser
[INFO ] 2020-07-18 23:36:36.015 [main] Steps - Opening URL: http://admin-demo.nopcommerce.com/login
[INFO ] 2020-07-18 23:36:42.067 [main] Steps - Proving user info
[INFO ] 2020-07-18 23:36:43.781 [main] Steps - Login Failed
